<!DOCTYPE html PUBLIC "-//W3C//DTD XHTML 1.1//EN" "http://www.w3.org/TR/xhtml11/DTD/xhtml11.dtd">
<html xmlns="http://www.w3.org/1999/xhtml"><head><title>TestNG Report</title><style type="text/css">table {margin-bottom:10px;border-collapse:collapse;empty-cells:show}th,td {border:1px solid #009;padding:.25em .5em}th {vertical-align:bottom}td {vertical-align:top}table a {font-weight:bold}.stripe td {background-color: #E6EBF9}.num {text-align:right}.passedodd td {background-color: #3F3}.passedeven td {background-color: #0A0}.skippedodd td {background-color: #DDD}.skippedeven td {background-color: #CCC}.failedodd td,.attn {background-color: #F33}.failedeven td,.stripe .attn {background-color: #D00}.stacktrace {white-space:pre;font-family:monospace}.totop {font-size:85%;text-align:center;border-bottom:2px solid #000}</style></head><body><table><tr><th>Test</th><th># Passed</th><th># Skipped</th><th># Failed</th><th>Time (ms)</th><th>Included Groups</th><th>Excluded Groups</th></tr><tr><th colspan="7">Default suite</th></tr><tr><td><a href="#t0">Default test</a></td><td class="num">0</td><td class="num">0</td><td class="num attn">8</td><td class="num">6,675</td><td></td><td></td></tr></table><table id='summary'><thead><tr><th>Class</th><th>Method</th><th>Start</th><th>Time (ms)</th></tr></thead><tbody><tr><th colspan="4">Default suite</th></tr></tbody><tbody id="t0"><tr><th colspan="4">Default test &#8212; failed</th></tr><tr class="failedeven"><td rowspan="8">gov.nasa.tests.NasaApiTests</td><td><a href="#m0">apiKeyTestResponseCode</a></td><td rowspan="1">1502080872847</td><td rowspan="1">1038</td></tr><tr class="failedeven"><td><a href="#m1">limitTestResponseCode</a></td><td rowspan="1">1502080873890</td><td rowspan="1">1089</td></tr><tr class="failedeven"><td><a href="#m2">limitTestValue</a></td><td rowspan="1">1502080874989</td><td rowspan="1">1447</td></tr><tr class="failedeven"><td><a href="#m3">searchTestResponseCode</a></td><td rowspan="1">1502080876448</td><td rowspan="1">561</td></tr><tr class="failedeven"><td><a href="#m4">searchTestValue</a></td><td rowspan="1">1502080877020</td><td rowspan="1">491</td></tr><tr class="failedeven"><td><a href="#m5">searchTestWithLimitResponseCode</a></td><td rowspan="1">1502080877513</td><td rowspan="1">581</td></tr><tr class="failedeven"><td><a href="#m6">searchTestWithLimitValue</a></td><td rowspan="1">1502080878102</td><td rowspan="1">504</td></tr><tr class="failedeven"><td><a href="#m7">validateJsonSchemaAndDataTypeBySerializingAndDeserializing</a></td><td rowspan="1">1502080878623</td><td rowspan="1">126</td></tr></tbody></table><h2>Default test</h2><h3 id="m0">gov.nasa.tests.NasaApiTests#apiKeyTestResponseCode</h3><table class="result"><tr><th>Messages</th></tr><tr><td><div class="messages">https://api.nasa.gov/planetary/sounds?api_key=DEMO_KEY<br/>https://api.nasa.gov/planetary/sounds?api_key=</div></td></tr><tr><th>Exception</th></tr><tr><td><div class="stacktrace">org.springframework.web.client.HttpClientErrorException: 403 Forbidden
	at org.springframework.web.client.DefaultResponseErrorHandler.handleError(DefaultResponseErrorHandler.java:63)
	at org.springframework.web.client.RestTemplate.handleResponse(RestTemplate.java:700)
	at org.springframework.web.client.RestTemplate.doExecute(RestTemplate.java:653)
	at org.springframework.web.client.RestTemplate.execute(RestTemplate.java:628)
	at org.springframework.web.client.RestTemplate.exchange(RestTemplate.java:590)
	at gov.nasa.tests.support.api.ApiService.getStatusCode(ApiService.java:47)
	at gov.nasa.tests.service.NasaSoundApiService.getResponseCode(NasaSoundApiService.java:65)
	at gov.nasa.tests.NasaApiTests.apiKeyTestResponseCode(NasaApiTests.java:159)
	at sun.reflect.NativeMethodAccessorImpl.invoke0(Native Method)
	at sun.reflect.NativeMethodAccessorImpl.invoke(NativeMethodAccessorImpl.java:62)
	at sun.reflect.DelegatingMethodAccessorImpl.invoke(DelegatingMethodAccessorImpl.java:43)
	at java.lang.reflect.Method.invoke(Method.java:498)
	at org.testng.internal.MethodInvocationHelper.invokeMethod(MethodInvocationHelper.java:108)
	at org.testng.internal.MethodInvocationHelper$1.runTestMethod(MethodInvocationHelper.java:209)
	at org.springframework.test.context.testng.AbstractTestNGSpringContextTests.run(AbstractTestNGSpringContextTests.java:175)
	at org.testng.internal.MethodInvocationHelper.invokeHookable(MethodInvocationHelper.java:221)
	at org.testng.internal.Invoker.invokeMethod(Invoker.java:657)
	at org.testng.internal.Invoker.invokeTestMethod(Invoker.java:869)
	at org.testng.internal.Invoker.invokeTestMethods(Invoker.java:1193)
	at org.testng.internal.TestMethodWorker.invokeTestMethods(TestMethodWorker.java:126)
	at org.testng.internal.TestMethodWorker.run(TestMethodWorker.java:109)
	at org.testng.TestRunner.privateRun(TestRunner.java:744)
	at org.testng.TestRunner.run(TestRunner.java:602)
	at org.testng.SuiteRunner.runTest(SuiteRunner.java:380)
	at org.testng.SuiteRunner.runSequentially(SuiteRunner.java:375)
	at org.testng.SuiteRunner.privateRun(SuiteRunner.java:340)
	at org.testng.SuiteRunner.run(SuiteRunner.java:289)
	at org.testng.SuiteRunnerWorker.runSuite(SuiteRunnerWorker.java:52)
	at org.testng.SuiteRunnerWorker.run(SuiteRunnerWorker.java:86)
	at org.testng.TestNG.runSuitesSequentially(TestNG.java:1301)
	at org.testng.TestNG.runSuitesLocally(TestNG.java:1226)
	at org.testng.TestNG.runSuites(TestNG.java:1144)
	at org.testng.TestNG.run(TestNG.java:1115)
	at org.testng.remote.AbstractRemoteTestNG.run(AbstractRemoteTestNG.java:126)
	at org.testng.remote.RemoteTestNG.initAndRun(RemoteTestNG.java:152)
	at org.testng.remote.RemoteTestNG.main(RemoteTestNG.java:57)
</div></td></tr></table><p class="totop"><a href="#summary">back to summary</a></p><h3 id="m1">gov.nasa.tests.NasaApiTests#limitTestResponseCode</h3><table class="result"><tr><th>Messages</th></tr><tr><td><div class="messages">https://api.nasa.gov/planetary/sounds?api_key=DEMO_KEY&limit=25<br/>https://api.nasa.gov/planetary/sounds?api_key=DEMO_KEY&limit=0<br/>https://api.nasa.gov/planetary/sounds?api_key=DEMO_KEY&limit=64<br/>https://api.nasa.gov/planetary/sounds?api_key=DEMO_KEY&limit=-1<br/>https://api.nasa.gov/planetary/sounds?api_key=DEMO_KEY&limit=<br/>https://api.nasa.gov/planetary/sounds?api_key=DEMO_KEY&limit=string<br/>https://api.nasa.gov/planetary/sounds?limit=10</div></td></tr><tr><th>Exception</th></tr><tr><td><div class="stacktrace">org.springframework.web.client.HttpClientErrorException: 403 Forbidden
	at org.springframework.web.client.DefaultResponseErrorHandler.handleError(DefaultResponseErrorHandler.java:63)
	at org.springframework.web.client.RestTemplate.handleResponse(RestTemplate.java:700)
	at org.springframework.web.client.RestTemplate.doExecute(RestTemplate.java:653)
	at org.springframework.web.client.RestTemplate.execute(RestTemplate.java:628)
	at org.springframework.web.client.RestTemplate.exchange(RestTemplate.java:590)
	at gov.nasa.tests.support.api.ApiService.getStatusCode(ApiService.java:47)
	at gov.nasa.tests.service.NasaSoundApiService.getResponseCode(NasaSoundApiService.java:65)
	at gov.nasa.tests.NasaApiTests.limitTestResponseCode(NasaApiTests.java:137)
	at sun.reflect.NativeMethodAccessorImpl.invoke0(Native Method)
	at sun.reflect.NativeMethodAccessorImpl.invoke(NativeMethodAccessorImpl.java:62)
	at sun.reflect.DelegatingMethodAccessorImpl.invoke(DelegatingMethodAccessorImpl.java:43)
	at java.lang.reflect.Method.invoke(Method.java:498)
	at org.testng.internal.MethodInvocationHelper.invokeMethod(MethodInvocationHelper.java:108)
	at org.testng.internal.MethodInvocationHelper$1.runTestMethod(MethodInvocationHelper.java:209)
	at org.springframework.test.context.testng.AbstractTestNGSpringContextTests.run(AbstractTestNGSpringContextTests.java:175)
	at org.testng.internal.MethodInvocationHelper.invokeHookable(MethodInvocationHelper.java:221)
	at org.testng.internal.Invoker.invokeMethod(Invoker.java:657)
	at org.testng.internal.Invoker.invokeTestMethod(Invoker.java:869)
	at org.testng.internal.Invoker.invokeTestMethods(Invoker.java:1193)
	at org.testng.internal.TestMethodWorker.invokeTestMethods(TestMethodWorker.java:126)
	at org.testng.internal.TestMethodWorker.run(TestMethodWorker.java:109)
	at org.testng.TestRunner.privateRun(TestRunner.java:744)
	at org.testng.TestRunner.run(TestRunner.java:602)
	at org.testng.SuiteRunner.runTest(SuiteRunner.java:380)
	at org.testng.SuiteRunner.runSequentially(SuiteRunner.java:375)
	at org.testng.SuiteRunner.privateRun(SuiteRunner.java:340)
	at org.testng.SuiteRunner.run(SuiteRunner.java:289)
	at org.testng.SuiteRunnerWorker.runSuite(SuiteRunnerWorker.java:52)
	at org.testng.SuiteRunnerWorker.run(SuiteRunnerWorker.java:86)
	at org.testng.TestNG.runSuitesSequentially(TestNG.java:1301)
	at org.testng.TestNG.runSuitesLocally(TestNG.java:1226)
	at org.testng.TestNG.runSuites(TestNG.java:1144)
	at org.testng.TestNG.run(TestNG.java:1115)
	at org.testng.remote.AbstractRemoteTestNG.run(AbstractRemoteTestNG.java:126)
	at org.testng.remote.RemoteTestNG.initAndRun(RemoteTestNG.java:152)
	at org.testng.remote.RemoteTestNG.main(RemoteTestNG.java:57)
</div></td></tr></table><p class="totop"><a href="#summary">back to summary</a></p><h3 id="m2">gov.nasa.tests.NasaApiTests#limitTestValue</h3><table class="result"><tr><th>Messages</th></tr><tr><td><div class="messages">https://api.nasa.gov/planetary/sounds?api_key=DEMO_KEY&limit=25<br/>https://api.nasa.gov/planetary/sounds?api_key=DEMO_KEY<br/>https://api.nasa.gov/planetary/sounds?api_key=DEMO_KEY&limit=0<br/>https://api.nasa.gov/planetary/sounds?api_key=DEMO_KEY<br/>https://api.nasa.gov/planetary/sounds?api_key=DEMO_KEY&limit=64<br/>https://api.nasa.gov/planetary/sounds?api_key=DEMO_KEY<br/>https://api.nasa.gov/planetary/sounds?api_key=DEMO_KEY&limit=-1<br/>https://api.nasa.gov/planetary/sounds?api_key=DEMO_KEY</div></td></tr><tr><th>Exception</th></tr><tr><td><div class="stacktrace">java.lang.AssertionError: The following asserts failed:
	expected [[Lgov.nasa.tests.pojo.Results;@5357c287] but found [10]
	at org.testng.asserts.SoftAssert.assertAll(SoftAssert.java:43)
	at gov.nasa.tests.NasaApiTests.limitTestValue(NasaApiTests.java:97)
	at sun.reflect.NativeMethodAccessorImpl.invoke0(Native Method)
	at sun.reflect.NativeMethodAccessorImpl.invoke(NativeMethodAccessorImpl.java:62)
	at sun.reflect.DelegatingMethodAccessorImpl.invoke(DelegatingMethodAccessorImpl.java:43)
	at java.lang.reflect.Method.invoke(Method.java:498)
	at org.testng.internal.MethodInvocationHelper.invokeMethod(MethodInvocationHelper.java:108)
	at org.testng.internal.MethodInvocationHelper$1.runTestMethod(MethodInvocationHelper.java:209)
	at org.springframework.test.context.testng.AbstractTestNGSpringContextTests.run(AbstractTestNGSpringContextTests.java:175)
	at org.testng.internal.MethodInvocationHelper.invokeHookable(MethodInvocationHelper.java:221)
	at org.testng.internal.Invoker.invokeMethod(Invoker.java:657)
	at org.testng.internal.Invoker.invokeTestMethod(Invoker.java:869)
	at org.testng.internal.Invoker.invokeTestMethods(Invoker.java:1193)
	at org.testng.internal.TestMethodWorker.invokeTestMethods(TestMethodWorker.java:126)
	at org.testng.internal.TestMethodWorker.run(TestMethodWorker.java:109)
	at org.testng.TestRunner.privateRun(TestRunner.java:744)
	at org.testng.TestRunner.run(TestRunner.java:602)
	at org.testng.SuiteRunner.runTest(SuiteRunner.java:380)
	at org.testng.SuiteRunner.runSequentially(SuiteRunner.java:375)
	at org.testng.SuiteRunner.privateRun(SuiteRunner.java:340)
	at org.testng.SuiteRunner.run(SuiteRunner.java:289)
	at org.testng.SuiteRunnerWorker.runSuite(SuiteRunnerWorker.java:52)
	at org.testng.SuiteRunnerWorker.run(SuiteRunnerWorker.java:86)
	at org.testng.TestNG.runSuitesSequentially(TestNG.java:1301)
	at org.testng.TestNG.runSuitesLocally(TestNG.java:1226)
	at org.testng.TestNG.runSuites(TestNG.java:1144)
	at org.testng.TestNG.run(TestNG.java:1115)
	at org.testng.remote.AbstractRemoteTestNG.run(AbstractRemoteTestNG.java:126)
	at org.testng.remote.RemoteTestNG.initAndRun(RemoteTestNG.java:152)
	at org.testng.remote.RemoteTestNG.main(RemoteTestNG.java:57)
</div></td></tr></table><p class="totop"><a href="#summary">back to summary</a></p><h3 id="m3">gov.nasa.tests.NasaApiTests#searchTestResponseCode</h3><table class="result"><tr><th>Messages</th></tr><tr><td><div class="messages">https://api.nasa.gov/planetary/sounds?api_key=DEMO_KEY&q=<br/>https://api.nasa.gov/planetary/sounds?api_key=DEMO_KEY&q=jfk<br/>https://api.nasa.gov/planetary/sounds?api_key=DEMO_KEY&q=@%23$%25%5E!&*%7B%7D()<br/>https://api.nasa.gov/planetary/sounds?api_key=DEMO_KEY&q=5123413423445567567657134321423423413243435<br/>https://api.nasa.gov/planetary/sounds?q=jfk</div></td></tr><tr><th>Exception</th></tr><tr><td><div class="stacktrace">org.springframework.web.client.HttpClientErrorException: 403 Forbidden
	at org.springframework.web.client.DefaultResponseErrorHandler.handleError(DefaultResponseErrorHandler.java:63)
	at org.springframework.web.client.RestTemplate.handleResponse(RestTemplate.java:700)
	at org.springframework.web.client.RestTemplate.doExecute(RestTemplate.java:653)
	at org.springframework.web.client.RestTemplate.execute(RestTemplate.java:628)
	at org.springframework.web.client.RestTemplate.exchange(RestTemplate.java:590)
	at gov.nasa.tests.support.api.ApiService.getStatusCode(ApiService.java:47)
	at gov.nasa.tests.service.NasaSoundApiService.getResponseCode(NasaSoundApiService.java:65)
	at gov.nasa.tests.NasaApiTests.searchTestResponseCode(NasaApiTests.java:228)
	at sun.reflect.NativeMethodAccessorImpl.invoke0(Native Method)
	at sun.reflect.NativeMethodAccessorImpl.invoke(NativeMethodAccessorImpl.java:62)
	at sun.reflect.DelegatingMethodAccessorImpl.invoke(DelegatingMethodAccessorImpl.java:43)
	at java.lang.reflect.Method.invoke(Method.java:498)
	at org.testng.internal.MethodInvocationHelper.invokeMethod(MethodInvocationHelper.java:108)
	at org.testng.internal.MethodInvocationHelper$1.runTestMethod(MethodInvocationHelper.java:209)
	at org.springframework.test.context.testng.AbstractTestNGSpringContextTests.run(AbstractTestNGSpringContextTests.java:175)
	at org.testng.internal.MethodInvocationHelper.invokeHookable(MethodInvocationHelper.java:221)
	at org.testng.internal.Invoker.invokeMethod(Invoker.java:657)
	at org.testng.internal.Invoker.invokeTestMethod(Invoker.java:869)
	at org.testng.internal.Invoker.invokeTestMethods(Invoker.java:1193)
	at org.testng.internal.TestMethodWorker.invokeTestMethods(TestMethodWorker.java:126)
	at org.testng.internal.TestMethodWorker.run(TestMethodWorker.java:109)
	at org.testng.TestRunner.privateRun(TestRunner.java:744)
	at org.testng.TestRunner.run(TestRunner.java:602)
	at org.testng.SuiteRunner.runTest(SuiteRunner.java:380)
	at org.testng.SuiteRunner.runSequentially(SuiteRunner.java:375)
	at org.testng.SuiteRunner.privateRun(SuiteRunner.java:340)
	at org.testng.SuiteRunner.run(SuiteRunner.java:289)
	at org.testng.SuiteRunnerWorker.runSuite(SuiteRunnerWorker.java:52)
	at org.testng.SuiteRunnerWorker.run(SuiteRunnerWorker.java:86)
	at org.testng.TestNG.runSuitesSequentially(TestNG.java:1301)
	at org.testng.TestNG.runSuitesLocally(TestNG.java:1226)
	at org.testng.TestNG.runSuites(TestNG.java:1144)
	at org.testng.TestNG.run(TestNG.java:1115)
	at org.testng.remote.AbstractRemoteTestNG.run(AbstractRemoteTestNG.java:126)
	at org.testng.remote.RemoteTestNG.initAndRun(RemoteTestNG.java:152)
	at org.testng.remote.RemoteTestNG.main(RemoteTestNG.java:57)
</div></td></tr></table><p class="totop"><a href="#summary">back to summary</a></p><h3 id="m4">gov.nasa.tests.NasaApiTests#searchTestValue</h3><table class="result"><tr><th>Messages</th></tr><tr><td><div class="messages">https://api.nasa.gov/planetary/sounds?api_key=DEMO_KEY&q=<br/>https://api.nasa.gov/planetary/sounds?api_key=DEMO_KEY&q=jfk<br/>https://api.nasa.gov/planetary/sounds?api_key=DEMO_KEY&q=@%23$%25%5E!&*%7B%7D()<br/>https://api.nasa.gov/planetary/sounds?api_key=DEMO_KEY&q=5123413423445567567657134321423423413243435</div></td></tr><tr><th>Exception</th></tr><tr><td><div class="stacktrace">java.lang.AssertionError: The following asserts failed:
	expected [false] but found [true],
	expected [false] but found [true],
	expected [false] but found [true],
	expected [false] but found [true]
	at org.testng.asserts.SoftAssert.assertAll(SoftAssert.java:43)
	at gov.nasa.tests.NasaApiTests.searchTestValue(NasaApiTests.java:212)
	at sun.reflect.NativeMethodAccessorImpl.invoke0(Native Method)
	at sun.reflect.NativeMethodAccessorImpl.invoke(NativeMethodAccessorImpl.java:62)
	at sun.reflect.DelegatingMethodAccessorImpl.invoke(DelegatingMethodAccessorImpl.java:43)
	at java.lang.reflect.Method.invoke(Method.java:498)
	at org.testng.internal.MethodInvocationHelper.invokeMethod(MethodInvocationHelper.java:108)
	at org.testng.internal.MethodInvocationHelper$1.runTestMethod(MethodInvocationHelper.java:209)
	at org.springframework.test.context.testng.AbstractTestNGSpringContextTests.run(AbstractTestNGSpringContextTests.java:175)
	at org.testng.internal.MethodInvocationHelper.invokeHookable(MethodInvocationHelper.java:221)
	at org.testng.internal.Invoker.invokeMethod(Invoker.java:657)
	at org.testng.internal.Invoker.invokeTestMethod(Invoker.java:869)
	at org.testng.internal.Invoker.invokeTestMethods(Invoker.java:1193)
	at org.testng.internal.TestMethodWorker.invokeTestMethods(TestMethodWorker.java:126)
	at org.testng.internal.TestMethodWorker.run(TestMethodWorker.java:109)
	at org.testng.TestRunner.privateRun(TestRunner.java:744)
	at org.testng.TestRunner.run(TestRunner.java:602)
	at org.testng.SuiteRunner.runTest(SuiteRunner.java:380)
	at org.testng.SuiteRunner.runSequentially(SuiteRunner.java:375)
	at org.testng.SuiteRunner.privateRun(SuiteRunner.java:340)
	at org.testng.SuiteRunner.run(SuiteRunner.java:289)
	at org.testng.SuiteRunnerWorker.runSuite(SuiteRunnerWorker.java:52)
	at org.testng.SuiteRunnerWorker.run(SuiteRunnerWorker.java:86)
	at org.testng.TestNG.runSuitesSequentially(TestNG.java:1301)
	at org.testng.TestNG.runSuitesLocally(TestNG.java:1226)
	at org.testng.TestNG.runSuites(TestNG.java:1144)
	at org.testng.TestNG.run(TestNG.java:1115)
	at org.testng.remote.AbstractRemoteTestNG.run(AbstractRemoteTestNG.java:126)
	at org.testng.remote.RemoteTestNG.initAndRun(RemoteTestNG.java:152)
	at org.testng.remote.RemoteTestNG.main(RemoteTestNG.java:57)
</div></td></tr></table><p class="totop"><a href="#summary">back to summary</a></p><h3 id="m5">gov.nasa.tests.NasaApiTests#searchTestWithLimitResponseCode</h3><table class="result"><tr><th>Messages</th></tr><tr><td><div class="messages">https://api.nasa.gov/planetary/sounds?api_key=DEMO_KEY&q=&limit=20<br/>https://api.nasa.gov/planetary/sounds?api_key=DEMO_KEY&q=jfk&limit=3<br/>https://api.nasa.gov/planetary/sounds?api_key=DEMO_KEY&q=@%23$%25%5E!&*%7B%7D()&limit=40<br/>https://api.nasa.gov/planetary/sounds?api_key=DEMO_KEY&q=5123413423445567567657134321423423413243435&limit=40<br/>https://api.nasa.gov/planetary/sounds?q=&limit=20</div></td></tr><tr><th>Exception</th></tr><tr><td><div class="stacktrace">org.springframework.web.client.HttpClientErrorException: 403 Forbidden
	at org.springframework.web.client.DefaultResponseErrorHandler.handleError(DefaultResponseErrorHandler.java:63)
	at org.springframework.web.client.RestTemplate.handleResponse(RestTemplate.java:700)
	at org.springframework.web.client.RestTemplate.doExecute(RestTemplate.java:653)
	at org.springframework.web.client.RestTemplate.execute(RestTemplate.java:628)
	at org.springframework.web.client.RestTemplate.exchange(RestTemplate.java:590)
	at gov.nasa.tests.support.api.ApiService.getStatusCode(ApiService.java:47)
	at gov.nasa.tests.service.NasaSoundApiService.getResponseCode(NasaSoundApiService.java:74)
	at gov.nasa.tests.NasaApiTests.searchTestWithLimitResponseCode(NasaApiTests.java:295)
	at sun.reflect.NativeMethodAccessorImpl.invoke0(Native Method)
	at sun.reflect.NativeMethodAccessorImpl.invoke(NativeMethodAccessorImpl.java:62)
	at sun.reflect.DelegatingMethodAccessorImpl.invoke(DelegatingMethodAccessorImpl.java:43)
	at java.lang.reflect.Method.invoke(Method.java:498)
	at org.testng.internal.MethodInvocationHelper.invokeMethod(MethodInvocationHelper.java:108)
	at org.testng.internal.MethodInvocationHelper$1.runTestMethod(MethodInvocationHelper.java:209)
	at org.springframework.test.context.testng.AbstractTestNGSpringContextTests.run(AbstractTestNGSpringContextTests.java:175)
	at org.testng.internal.MethodInvocationHelper.invokeHookable(MethodInvocationHelper.java:221)
	at org.testng.internal.Invoker.invokeMethod(Invoker.java:657)
	at org.testng.internal.Invoker.invokeTestMethod(Invoker.java:869)
	at org.testng.internal.Invoker.invokeTestMethods(Invoker.java:1193)
	at org.testng.internal.TestMethodWorker.invokeTestMethods(TestMethodWorker.java:126)
	at org.testng.internal.TestMethodWorker.run(TestMethodWorker.java:109)
	at org.testng.TestRunner.privateRun(TestRunner.java:744)
	at org.testng.TestRunner.run(TestRunner.java:602)
	at org.testng.SuiteRunner.runTest(SuiteRunner.java:380)
	at org.testng.SuiteRunner.runSequentially(SuiteRunner.java:375)
	at org.testng.SuiteRunner.privateRun(SuiteRunner.java:340)
	at org.testng.SuiteRunner.run(SuiteRunner.java:289)
	at org.testng.SuiteRunnerWorker.runSuite(SuiteRunnerWorker.java:52)
	at org.testng.SuiteRunnerWorker.run(SuiteRunnerWorker.java:86)
	at org.testng.TestNG.runSuitesSequentially(TestNG.java:1301)
	at org.testng.TestNG.runSuitesLocally(TestNG.java:1226)
	at org.testng.TestNG.runSuites(TestNG.java:1144)
	at org.testng.TestNG.run(TestNG.java:1115)
	at org.testng.remote.AbstractRemoteTestNG.run(AbstractRemoteTestNG.java:126)
	at org.testng.remote.RemoteTestNG.initAndRun(RemoteTestNG.java:152)
	at org.testng.remote.RemoteTestNG.main(RemoteTestNG.java:57)
</div></td></tr></table><p class="totop"><a href="#summary">back to summary</a></p><h3 id="m6">gov.nasa.tests.NasaApiTests#searchTestWithLimitValue</h3><table class="result"><tr><th>Messages</th></tr><tr><td><div class="messages">https://api.nasa.gov/planetary/sounds?api_key=DEMO_KEY&q=&limit=20<br/>https://api.nasa.gov/planetary/sounds?api_key=DEMO_KEY&q=jfk&limit=3<br/>https://api.nasa.gov/planetary/sounds?api_key=DEMO_KEY&q=@%23$%25%5E!&*%7B%7D()&limit=40<br/>https://api.nasa.gov/planetary/sounds?api_key=DEMO_KEY&q=5123413423445567567657134321423423413243435&limit=40</div></td></tr><tr><th>Exception</th></tr><tr><td><div class="stacktrace">java.lang.AssertionError: The following asserts failed:
	expected [true] but found [false],
	expected [true] but found [false]
	at org.testng.asserts.SoftAssert.assertAll(SoftAssert.java:43)
	at gov.nasa.tests.NasaApiTests.searchTestWithLimitValue(NasaApiTests.java:278)
	at sun.reflect.NativeMethodAccessorImpl.invoke0(Native Method)
	at sun.reflect.NativeMethodAccessorImpl.invoke(NativeMethodAccessorImpl.java:62)
	at sun.reflect.DelegatingMethodAccessorImpl.invoke(DelegatingMethodAccessorImpl.java:43)
	at java.lang.reflect.Method.invoke(Method.java:498)
	at org.testng.internal.MethodInvocationHelper.invokeMethod(MethodInvocationHelper.java:108)
	at org.testng.internal.MethodInvocationHelper$1.runTestMethod(MethodInvocationHelper.java:209)
	at org.springframework.test.context.testng.AbstractTestNGSpringContextTests.run(AbstractTestNGSpringContextTests.java:175)
	at org.testng.internal.MethodInvocationHelper.invokeHookable(MethodInvocationHelper.java:221)
	at org.testng.internal.Invoker.invokeMethod(Invoker.java:657)
	at org.testng.internal.Invoker.invokeTestMethod(Invoker.java:869)
	at org.testng.internal.Invoker.invokeTestMethods(Invoker.java:1193)
	at org.testng.internal.TestMethodWorker.invokeTestMethods(TestMethodWorker.java:126)
	at org.testng.internal.TestMethodWorker.run(TestMethodWorker.java:109)
	at org.testng.TestRunner.privateRun(TestRunner.java:744)
	at org.testng.TestRunner.run(TestRunner.java:602)
	at org.testng.SuiteRunner.runTest(SuiteRunner.java:380)
	at org.testng.SuiteRunner.runSequentially(SuiteRunner.java:375)
	at org.testng.SuiteRunner.privateRun(SuiteRunner.java:340)
	at org.testng.SuiteRunner.run(SuiteRunner.java:289)
	at org.testng.SuiteRunnerWorker.runSuite(SuiteRunnerWorker.java:52)
	at org.testng.SuiteRunnerWorker.run(SuiteRunnerWorker.java:86)
	at org.testng.TestNG.runSuitesSequentially(TestNG.java:1301)
	at org.testng.TestNG.runSuitesLocally(TestNG.java:1226)
	at org.testng.TestNG.runSuites(TestNG.java:1144)
	at org.testng.TestNG.run(TestNG.java:1115)
	at org.testng.remote.AbstractRemoteTestNG.run(AbstractRemoteTestNG.java:126)
	at org.testng.remote.RemoteTestNG.initAndRun(RemoteTestNG.java:152)
	at org.testng.remote.RemoteTestNG.main(RemoteTestNG.java:57)
</div></td></tr></table><p class="totop"><a href="#summary">back to summary</a></p><h3 id="m7">gov.nasa.tests.NasaApiTests#validateJsonSchemaAndDataTypeBySerializingAndDeserializing</h3><table class="result"><tr><th>Messages</th></tr><tr><td><div class="messages">https://api.nasa.gov/planetary/sounds?api_key=DEMO_KEY</div></td></tr><tr><th>Exception</th></tr><tr><td><div class="stacktrace">org.springframework.http.converter.HttpMessageNotReadableException: JSON parse error: java.lang.IllegalStateException: Expected a string but was BEGIN_OBJECT at line 1 column 2 path $; nested exception is com.google.gson.JsonSyntaxException: java.lang.IllegalStateException: Expected a string but was BEGIN_OBJECT at line 1 column 2 path $
	at org.springframework.http.converter.json.GsonHttpMessageConverter.readTypeToken(GsonHttpMessageConverter.java:164)
	at org.springframework.http.converter.json.GsonHttpMessageConverter.read(GsonHttpMessageConverter.java:122)
	at org.springframework.web.client.HttpMessageConverterExtractor.extractData(HttpMessageConverterExtractor.java:96)
	at org.springframework.web.client.RestTemplate$ResponseEntityResponseExtractor.extractData(RestTemplate.java:917)
	at org.springframework.web.client.RestTemplate$ResponseEntityResponseExtractor.extractData(RestTemplate.java:901)
	at org.springframework.web.client.RestTemplate.doExecute(RestTemplate.java:655)
	at org.springframework.web.client.RestTemplate.execute(RestTemplate.java:628)
	at org.springframework.web.client.RestTemplate.exchange(RestTemplate.java:590)
	at gov.nasa.tests.support.api.ApiService.getResponse(ApiService.java:35)
	at gov.nasa.tests.service.NasaSoundApiService.getResponseAsString(NasaSoundApiService.java:26)
	at gov.nasa.tests.NasaApiTests.validateJsonSchemaAndDataTypeBySerializingAndDeserializing(NasaApiTests.java:314)
	at sun.reflect.NativeMethodAccessorImpl.invoke0(Native Method)
	at sun.reflect.NativeMethodAccessorImpl.invoke(NativeMethodAccessorImpl.java:62)
	at sun.reflect.DelegatingMethodAccessorImpl.invoke(DelegatingMethodAccessorImpl.java:43)
	at java.lang.reflect.Method.invoke(Method.java:498)
	at org.testng.internal.MethodInvocationHelper.invokeMethod(MethodInvocationHelper.java:108)
	at org.testng.internal.MethodInvocationHelper$1.runTestMethod(MethodInvocationHelper.java:209)
	at org.springframework.test.context.testng.AbstractTestNGSpringContextTests.run(AbstractTestNGSpringContextTests.java:175)
	at org.testng.internal.MethodInvocationHelper.invokeHookable(MethodInvocationHelper.java:221)
	at org.testng.internal.Invoker.invokeMethod(Invoker.java:657)
	at org.testng.internal.Invoker.invokeTestMethod(Invoker.java:869)
	at org.testng.internal.Invoker.invokeTestMethods(Invoker.java:1193)
	at org.testng.internal.TestMethodWorker.invokeTestMethods(TestMethodWorker.java:126)
	at org.testng.internal.TestMethodWorker.run(TestMethodWorker.java:109)
	at org.testng.TestRunner.privateRun(TestRunner.java:744)
	at org.testng.TestRunner.run(TestRunner.java:602)
	at org.testng.SuiteRunner.runTest(SuiteRunner.java:380)
	at org.testng.SuiteRunner.runSequentially(SuiteRunner.java:375)
	at org.testng.SuiteRunner.privateRun(SuiteRunner.java:340)
	at org.testng.SuiteRunner.run(SuiteRunner.java:289)
	at org.testng.SuiteRunnerWorker.runSuite(SuiteRunnerWorker.java:52)
	at org.testng.SuiteRunnerWorker.run(SuiteRunnerWorker.java:86)
	at org.testng.TestNG.runSuitesSequentially(TestNG.java:1301)
	at org.testng.TestNG.runSuitesLocally(TestNG.java:1226)
	at org.testng.TestNG.runSuites(TestNG.java:1144)
	at org.testng.TestNG.run(TestNG.java:1115)
	at org.testng.remote.AbstractRemoteTestNG.run(AbstractRemoteTestNG.java:126)
	at org.testng.remote.RemoteTestNG.initAndRun(RemoteTestNG.java:152)
	at org.testng.remote.RemoteTestNG.main(RemoteTestNG.java:57)
Caused by: com.google.gson.JsonSyntaxException: java.lang.IllegalStateException: Expected a string but was BEGIN_OBJECT at line 1 column 2 path $
	at com.google.gson.Gson.fromJson(Gson.java:899)
	at com.google.gson.Gson.fromJson(Gson.java:852)
	at org.springframework.http.converter.json.GsonHttpMessageConverter.readTypeToken(GsonHttpMessageConverter.java:161)
	... 38 more
Caused by: java.lang.IllegalStateException: Expected a string but was BEGIN_OBJECT at line 1 column 2 path $
	at com.google.gson.stream.JsonReader.nextString(JsonReader.java:825)
	at com.google.gson.internal.bind.TypeAdapters$16.read(TypeAdapters.java:401)
	at com.google.gson.internal.bind.TypeAdapters$16.read(TypeAdapters.java:389)
	at com.google.gson.Gson.fromJson(Gson.java:887)
	... 40 more
</div></td></tr></table><p class="totop"><a href="#summary">back to summary</a></p></body></html>